This is pdfTeX, Version 3.141592653-2.6-1.40.22 (TeX Live 2021) (preloaded format=pdflatex 2022.1.26)  20 AUG 2022 17:03
entering extended mode
 restricted \write18 enabled.
 %&-line parsing enabled.
**main.tex
(./main.tex
LaTeX2e <2020-10-01> patch level 4
L3 programming layer <2021-02-18> (./IEEEtran.cls
Document Class: IEEEtran 2015/08/26 V1.8b by Michael Shell
-- See the "IEEEtran_HOWTO" manual for usage information.
-- http://www.michaelshell.org/tex/ieeetran/
\@IEEEtrantmpdimenA=\dimen138
\@IEEEtrantmpdimenB=\dimen139
\@IEEEtrantmpdimenC=\dimen140
\@IEEEtrantmpcountA=\count179
\@IEEEtrantmpcountB=\count180
\@IEEEtrantmpcountC=\count181
\@IEEEtrantmptoksA=\toks15
LaTeX Font Info:    Trying to load font information for OT1+ptm on input line 5
03.
(/usr/local/texlive/2021/texmf-dist/tex/latex/psnfss/ot1ptm.fd
File: ot1ptm.fd 2001/06/04 font definitions for OT1/ptm.
)
-- Using IEEE Computer Society mode.
-- Using 8.5in x 11in (letter) paper.
-- Using PDF output.
\@IEEEnormalsizeunitybaselineskip=\dimen141
-- This is a 10 point document.
\CLASSINFOnormalsizebaselineskip=\dimen142
\CLASSINFOnormalsizeunitybaselineskip=\dimen143
\IEEEnormaljot=\dimen144
LaTeX Font Info:    Font shape `OT1/ptm/bx/n' in size <5.01874> not available
(Font)              Font shape `OT1/ptm/b/n' tried instead on input line 1090.
LaTeX Font Info:    Font shape `OT1/ptm/bx/it' in size <5.01874> not available
(Font)              Font shape `OT1/ptm/b/it' tried instead on input line 1090.

LaTeX Font Info:    Font shape `OT1/ptm/bx/n' in size <7.02625> not available
(Font)              Font shape `OT1/ptm/b/n' tried instead on input line 1090.
LaTeX Font Info:    Font shape `OT1/ptm/bx/it' in size <7.02625> not available
(Font)              Font shape `OT1/ptm/b/it' tried instead on input line 1090.

LaTeX Font Info:    Font shape `OT1/ptm/bx/n' in size <8.03> not available
(Font)              Font shape `OT1/ptm/b/n' tried instead on input line 1090.
LaTeX Font Info:    Font shape `OT1/ptm/bx/it' in size <8.03> not available
(Font)              Font shape `OT1/ptm/b/it' tried instead on input line 1090.

LaTeX Font Info:    Font shape `OT1/ptm/bx/n' in size <9.03374> not available
(Font)              Font shape `OT1/ptm/b/n' tried instead on input line 1090.
LaTeX Font Info:    Font shape `OT1/ptm/bx/it' in size <9.03374> not available
(Font)              Font shape `OT1/ptm/b/it' tried instead on input line 1090.

LaTeX Font Info:    Font shape `OT1/ptm/bx/n' in size <10.03749> not available
(Font)              Font shape `OT1/ptm/b/n' tried instead on input line 1090.
LaTeX Font Info:    Font shape `OT1/ptm/bx/it' in size <10.03749> not available

(Font)              Font shape `OT1/ptm/b/it' tried instead on input line 1090.

LaTeX Font Info:    Font shape `OT1/ptm/bx/n' in size <11.04124> not available
(Font)              Font shape `OT1/ptm/b/n' tried instead on input line 1090.
LaTeX Font Info:    Font shape `OT1/ptm/bx/it' in size <11.04124> not available

(Font)              Font shape `OT1/ptm/b/it' tried instead on input line 1090.

LaTeX Font Info:    Font shape `OT1/ptm/bx/n' in size <12.045> not available
(Font)              Font shape `OT1/ptm/b/n' tried instead on input line 1090.
LaTeX Font Info:    Font shape `OT1/ptm/bx/it' in size <12.045> not available
(Font)              Font shape `OT1/ptm/b/it' tried instead on input line 1090.

LaTeX Font Info:    Font shape `OT1/ptm/bx/n' in size <17.06374> not available
(Font)              Font shape `OT1/ptm/b/n' tried instead on input line 1090.
LaTeX Font Info:    Font shape `OT1/ptm/bx/it' in size <17.06374> not available

(Font)              Font shape `OT1/ptm/b/it' tried instead on input line 1090.

LaTeX Font Info:    Font shape `OT1/ptm/bx/n' in size <20.075> not available
(Font)              Font shape `OT1/ptm/b/n' tried instead on input line 1090.
LaTeX Font Info:    Font shape `OT1/ptm/bx/it' in size <20.075> not available
(Font)              Font shape `OT1/ptm/b/it' tried instead on input line 1090.

LaTeX Font Info:    Font shape `OT1/ptm/bx/n' in size <24.09> not available
(Font)              Font shape `OT1/ptm/b/n' tried instead on input line 1090.
LaTeX Font Info:    Font shape `OT1/ptm/bx/it' in size <24.09> not available
(Font)              Font shape `OT1/ptm/b/it' tried instead on input line 1090.

\IEEEquantizedlength=\dimen145
\IEEEquantizedlengthdiff=\dimen146
\IEEEquantizedtextheightdiff=\dimen147
\IEEEilabelindentA=\dimen148
\IEEEilabelindentB=\dimen149
\IEEEilabelindent=\dimen150
\IEEEelabelindent=\dimen151
\IEEEdlabelindent=\dimen152
\IEEElabelindent=\dimen153
\IEEEiednormlabelsep=\dimen154
\IEEEiedmathlabelsep=\dimen155
\IEEEiedtopsep=\skip47
\c@section=\count182
\c@subsection=\count183
\c@subsubsection=\count184
\c@paragraph=\count185
\c@IEEEsubequation=\count186
\abovecaptionskip=\skip48
\belowcaptionskip=\skip49
\c@figure=\count187
\c@table=\count188
\@IEEEeqnnumcols=\count189
\@IEEEeqncolcnt=\count190
\@IEEEsubeqnnumrollback=\count191
\@IEEEquantizeheightA=\dimen156
\@IEEEquantizeheightB=\dimen157
\@IEEEquantizeheightC=\dimen158
\@IEEEquantizeprevdepth=\dimen159
\@IEEEquantizemultiple=\count192
\@IEEEquantizeboxA=\box47
\@IEEEtmpitemindent=\dimen160
\IEEEPARstartletwidth=\dimen161
\c@IEEEbiography=\count193
\@IEEEtranrubishbin=\box48
)
** ATTENTION: Overriding command lockouts (line 2).
(/usr/local/texlive/2021/texmf-dist/tex/latex/cite/cite.sty
LaTeX Info: Redefining \cite on input line 302.
LaTeX Info: Redefining \nocite on input line 332.
Package: cite 2015/02/27  v 5.5
)
(/usr/local/texlive/2021/texmf-dist/tex/latex/amsmath/amsmath.sty
Package: amsmath 2020/09/23 v2.17i AMS math features
\@mathmargin=\skip50

For additional information on amsmath, use the `?' option.
(/usr/local/texlive/2021/texmf-dist/tex/latex/amsmath/amstext.sty
Package: amstext 2000/06/29 v2.01 AMS text

(/usr/local/texlive/2021/texmf-dist/tex/latex/amsmath/amsgen.sty
File: amsgen.sty 1999/11/30 v2.0 generic functions
\@emptytoks=\toks16
\ex@=\dimen162
))
(/usr/local/texlive/2021/texmf-dist/tex/latex/amsmath/amsbsy.sty
Package: amsbsy 1999/11/29 v1.2d Bold Symbols
\pmbraise@=\dimen163
)
(/usr/local/texlive/2021/texmf-dist/tex/latex/amsmath/amsopn.sty
Package: amsopn 2016/03/08 v2.02 operator names
)
\inf@bad=\count194
LaTeX Info: Redefining \frac on input line 234.
\uproot@=\count195
\leftroot@=\count196
LaTeX Info: Redefining \overline on input line 399.
\classnum@=\count197
\DOTSCASE@=\count198
LaTeX Info: Redefining \ldots on input line 496.
LaTeX Info: Redefining \dots on input line 499.
LaTeX Info: Redefining \cdots on input line 620.
\Mathstrutbox@=\box49
\strutbox@=\box50
\big@size=\dimen164
LaTeX Font Info:    Redeclaring font encoding OML on input line 743.
LaTeX Font Info:    Redeclaring font encoding OMS on input line 744.
\macc@depth=\count199
\c@MaxMatrixCols=\count266
\dotsspace@=\muskip16
\c@parentequation=\count267
\dspbrk@lvl=\count268
\tag@help=\toks17
\row@=\count269
\column@=\count270
\maxfields@=\count271
\andhelp@=\toks18
\eqnshift@=\dimen165
\alignsep@=\dimen166
\tagshift@=\dimen167
\tagwidth@=\dimen168
\totwidth@=\dimen169
\lineht@=\dimen170
\@envbody=\toks19
\multlinegap=\skip51
\multlinetaggap=\skip52
\mathdisplay@stack=\toks20
LaTeX Info: Redefining \[ on input line 2923.
LaTeX Info: Redefining \] on input line 2924.
)
(/usr/local/texlive/2021/texmf-dist/tex/latex/amsfonts/amssymb.sty
Package: amssymb 2013/01/14 v3.01 AMS font symbols

(/usr/local/texlive/2021/texmf-dist/tex/latex/amsfonts/amsfonts.sty
Package: amsfonts 2013/01/14 v3.01 Basic AMSFonts support
\symAMSa=\mathgroup4
\symAMSb=\mathgroup5
LaTeX Font Info:    Redeclaring math symbol \hbar on input line 98.
LaTeX Font Info:    Overwriting math alphabet `\mathfrak' in version `bold'
(Font)                  U/euf/m/n --> U/euf/b/n on input line 106.
))
(/usr/local/texlive/2021/texmf-dist/tex/latex/algorithms/algorithmic.sty
Package: algorithmic 2009/08/24 v0.1 Document Style `algorithmic'

(/usr/local/texlive/2021/texmf-dist/tex/latex/base/ifthen.sty
Package: ifthen 2014/09/29 v1.1c Standard LaTeX ifthen package (DPC)
)
(/usr/local/texlive/2021/texmf-dist/tex/latex/graphics/keyval.sty
Package: keyval 2014/10/28 v1.15 key=value parser (DPC)
\KV@toks@=\toks21
)
\c@ALC@unique=\count272
\c@ALC@line=\count273
\c@ALC@rem=\count274
\c@ALC@depth=\count275
\ALC@tlm=\skip53
\algorithmicindent=\skip54
)
(/usr/local/texlive/2021/texmf-dist/tex/latex/graphics/graphicx.sty
Package: graphicx 2020/09/09 v1.2b Enhanced LaTeX Graphics (DPC,SPQR)

(/usr/local/texlive/2021/texmf-dist/tex/latex/graphics/graphics.sty
Package: graphics 2020/08/30 v1.4c Standard LaTeX Graphics (DPC,SPQR)

(/usr/local/texlive/2021/texmf-dist/tex/latex/graphics/trig.sty
Package: trig 2016/01/03 v1.10 sin cos tan (DPC)
)
(/usr/local/texlive/2021/texmf-dist/tex/latex/graphics-cfg/graphics.cfg
File: graphics.cfg 2016/06/04 v1.11 sample graphics configuration
)
Package graphics Info: Driver file: pdftex.def on input line 105.

(/usr/local/texlive/2021/texmf-dist/tex/latex/graphics-def/pdftex.def
File: pdftex.def 2020/10/05 v1.2a Graphics/color driver for pdftex
))
\Gin@req@height=\dimen171
\Gin@req@width=\dimen172
)
(/usr/local/texlive/2021/texmf-dist/tex/latex/base/textcomp.sty
Package: textcomp 2020/02/02 v2.0n Standard LaTeX package
)
(/usr/local/texlive/2021/texmf-dist/tex/latex/xcolor/xcolor.sty
Package: xcolor 2016/05/11 v2.12 LaTeX color extensions (UK)

(/usr/local/texlive/2021/texmf-dist/tex/latex/graphics-cfg/color.cfg
File: color.cfg 2016/01/02 v1.6 sample color configuration
)
Package xcolor Info: Driver file: pdftex.def on input line 225.
Package xcolor Info: Model `cmy' substituted by `cmy0' on input line 1348.
Package xcolor Info: Model `hsb' substituted by `rgb' on input line 1352.
Package xcolor Info: Model `RGB' extended on input line 1364.
Package xcolor Info: Model `HTML' substituted by `rgb' on input line 1366.
Package xcolor Info: Model `Hsb' substituted by `hsb' on input line 1367.
Package xcolor Info: Model `tHsb' substituted by `hsb' on input line 1368.
Package xcolor Info: Model `HSB' substituted by `hsb' on input line 1369.
Package xcolor Info: Model `Gray' substituted by `gray' on input line 1370.
Package xcolor Info: Model `wave' substituted by `hsb' on input line 1371.
)
(/usr/local/texlive/2021/texmf-dist/tex/latex/subfigure/subfigure.sty
Package: subfigure 2002/03/15 v2.1.5 subfigure package
\subfigtopskip=\skip55
\subfigcapskip=\skip56
\subfigcaptopadj=\dimen173
\subfigbottomskip=\skip57
\subfigcapmargin=\dimen174
\subfiglabelskip=\skip58
\c@subfigure=\count276
\c@lofdepth=\count277
\c@subtable=\count278
\c@lotdepth=\count279

****************************************
* Local config file subfigure.cfg used *
****************************************
(/usr/local/texlive/2021/texmf-dist/tex/latex/subfigure/subfigure.cfg)
\subfig@top=\skip59
\subfig@bottom=\skip60
)
(/usr/local/texlive/2021/texmf-dist/tex/latex/algorithm2e/algorithm2e.sty
Package: algorithm2e 2017/07/18 v5.2 algorithms environments
\c@AlgoLine=\count280
\algocf@hangindent=\skip61

(/usr/local/texlive/2021/texmf-dist/tex/latex/ifoddpage/ifoddpage.sty
Package: ifoddpage 2016/04/23 v1.1 Conditionals for odd/even page detection
\c@checkoddpage=\count281
)
(/usr/local/texlive/2021/texmf-dist/tex/latex/tools/xspace.sty
Package: xspace 2014/10/28 v1.13 Space after command names (DPC,MH)
)
(/usr/local/texlive/2021/texmf-dist/tex/latex/relsize/relsize.sty
Package: relsize 2013/03/29 ver 4.1
)
\skiptotal=\skip62
\skiplinenumber=\skip63
\skiprule=\skip64
\skiphlne=\skip65
\skiptext=\skip66
\skiplength=\skip67
\algomargin=\skip68
\skipalgocfslide=\skip69
\algowidth=\dimen175
\inoutsize=\dimen176
\inoutindent=\dimen177
\interspacetitleruled=\dimen178
\interspacealgoruled=\dimen179
\interspacetitleboxruled=\dimen180
\algocf@ruledwidth=\skip70
\algocf@inoutbox=\box51
\algocf@inputbox=\box52
\AlCapSkip=\skip71
\AlCapHSkip=\skip72
\algoskipindent=\skip73
\algocf@nlbox=\box53
\algocf@hangingbox=\box54
\algocf@untilbox=\box55
\algocf@skipuntil=\skip74
\algocf@capbox=\box56
\algocf@lcaptionbox=\skip75
\algoheightruledefault=\skip76
\algoheightrule=\skip77
\algotitleheightruledefault=\skip78
\algotitleheightrule=\skip79
\c@algocfline=\count282
\c@algocfproc=\count283
\c@algocf=\count284
\algocf@algoframe=\box57
\algocf@algobox=\box58
)
(/usr/local/texlive/2021/texmf-dist/tex/latex/multirow/multirow.sty
Package: multirow 2021/03/15 v2.8 Span multiple rows of a table
\multirow@colwidth=\skip80
\multirow@cntb=\count285
\multirow@dima=\skip81
\bigstrutjot=\dimen181
)
(/usr/local/texlive/2021/texmf-dist/tex/latex/booktabs/booktabs.sty
Package: booktabs 2020/01/12 v1.61803398 Publication quality tables
\heavyrulewidth=\dimen182
\lightrulewidth=\dimen183
\cmidrulewidth=\dimen184
\belowrulesep=\dimen185
\belowbottomsep=\dimen186
\aboverulesep=\dimen187
\abovetopsep=\dimen188
\cmidrulesep=\dimen189
\cmidrulekern=\dimen190
\defaultaddspace=\dimen191
\@cmidla=\count286
\@cmidlb=\count287
\@aboverulesep=\dimen192
\@belowrulesep=\dimen193
\@thisruleclass=\count288
\@lastruleclass=\count289
\@thisrulewidth=\dimen194
)
(/usr/local/texlive/2021/texmf-dist/tex/latex/graphics/epsfig.sty
Package: epsfig 2017/06/25 v1.7b (e)psfig emulation (SPQR)
\epsfxsize=\dimen195
\epsfysize=\dimen196
)
(/usr/local/texlive/2021/texmf-dist/tex/latex/endnotes/endnotes.sty
Package: endnotes 2020-01-02 endnotes package
\c@endnote=\count290
\endnotesep=\dimen197
\@enotes=\write3
)
(/usr/local/texlive/2021/texmf-dist/tex/latex/mathtools/mathtools.sty
Package: mathtools 2021/03/18 v1.25 mathematical typesetting tools

(/usr/local/texlive/2021/texmf-dist/tex/latex/tools/calc.sty
Package: calc 2017/05/25 v4.3 Infix arithmetic (KKT,FJ)
\calc@Acount=\count291
\calc@Bcount=\count292
\calc@Adimen=\dimen198
\calc@Bdimen=\dimen199
\calc@Askip=\skip82
\calc@Bskip=\skip83
LaTeX Info: Redefining \setlength on input line 80.
LaTeX Info: Redefining \addtolength on input line 81.
\calc@Ccount=\count293
\calc@Cskip=\skip84
)
(/usr/local/texlive/2021/texmf-dist/tex/latex/mathtools/mhsetup.sty
Package: mhsetup 2021/03/18 v1.4 programming setup (MH)
)
LaTeX Info: Thecontrolsequence`\('isalreadyrobust on input line 130.
LaTeX Info: Thecontrolsequence`\)'isalreadyrobust on input line 130.
LaTeX Info: Thecontrolsequence`\['isalreadyrobust on input line 130.
LaTeX Info: Thecontrolsequence`\]'isalreadyrobust on input line 130.
\g_MT_multlinerow_int=\count294
\l_MT_multwidth_dim=\dimen256
\origjot=\skip85
\l_MT_shortvdotswithinadjustabove_dim=\dimen257
\l_MT_shortvdotswithinadjustbelow_dim=\dimen258
\l_MT_above_intertext_sep=\dimen259
\l_MT_below_intertext_sep=\dimen260
\l_MT_above_shortintertext_sep=\dimen261
\l_MT_below_shortintertext_sep=\dimen262
\xmathstrut@box=\box59
\xmathstrut@dim=\dimen263
)
(/usr/local/texlive/2021/texmf-dist/tex/latex/url/url.sty
\Urlmuskip=\muskip17
Package: url 2013/09/16  ver 3.4  Verb mode for urls, etc.
)
(/usr/local/texlive/2021/texmf-dist/tex/latex/epstopdf-pkg/epstopdf.sty
Package: epstopdf 2020-01-24 v2.11 Conversion with epstopdf on the fly (HO)

(/usr/local/texlive/2021/texmf-dist/tex/generic/infwarerr/infwarerr.sty
Package: infwarerr 2019/12/03 v1.5 Providing info/warning/error messages (HO)
)
(/usr/local/texlive/2021/texmf-dist/tex/latex/grfext/grfext.sty
Package: grfext 2019/12/03 v1.3 Manage graphics extensions (HO)

(/usr/local/texlive/2021/texmf-dist/tex/generic/kvdefinekeys/kvdefinekeys.sty
Package: kvdefinekeys 2019-12-19 v1.6 Define keys (HO)
)) (/usr/local/texlive/2021/texmf-dist/tex/latex/kvoptions/kvoptions.sty
Package: kvoptions 2020-10-07 v3.14 Key value format for package options (HO)

(/usr/local/texlive/2021/texmf-dist/tex/generic/ltxcmds/ltxcmds.sty
Package: ltxcmds 2020-05-10 v1.25 LaTeX kernel commands for general use (HO)
)
(/usr/local/texlive/2021/texmf-dist/tex/generic/kvsetkeys/kvsetkeys.sty
Package: kvsetkeys 2019/12/15 v1.18 Key value parser (HO)
))
(/usr/local/texlive/2021/texmf-dist/tex/generic/pdftexcmds/pdftexcmds.sty
Package: pdftexcmds 2020-06-27 v0.33 Utility functions of pdfTeX for LuaTeX (HO
)

(/usr/local/texlive/2021/texmf-dist/tex/generic/iftex/iftex.sty
Package: iftex 2020/03/06 v1.0d TeX engine tests
)
Package pdftexcmds Info: \pdf@primitive is available.
Package pdftexcmds Info: \pdf@ifprimitive is available.
Package pdftexcmds Info: \pdfdraftmode found.
)
(/usr/local/texlive/2021/texmf-dist/tex/latex/epstopdf-pkg/epstopdf-base.sty
Package: epstopdf-base 2020-01-24 v2.11 Base part for package epstopdf
Package epstopdf-base Info: Redefining graphics rule for `.eps' on input line 4
85.
Package grfext Info: Graphics extension search list:
(grfext)             [.pdf,.png,.jpg,.mps,.jpeg,.jbig2,.jb2,.PDF,.PNG,.JPG,.JPE
G,.JBIG2,.JB2,.eps]
(grfext)             \AppendGraphicsExtensions on input line 504.

(/usr/local/texlive/2021/texmf-dist/tex/latex/latexconfig/epstopdf-sys.cfg
File: epstopdf-sys.cfg 2010/07/13 v1.3 Configuration of (r)epstopdf for TeX Liv
e
)))
(/usr/local/texlive/2021/texmf-dist/tex/latex/tools/array.sty
Package: array 2020/10/01 v2.5c Tabular extension package (FMi)
\col@sep=\dimen264
\ar@mcellbox=\box60
\extrarowheight=\dimen265
\NC@list=\toks22
\extratabsurround=\skip86
\backup@length=\skip87
\ar@cellbox=\box61
)
(/usr/local/texlive/2021/texmf-dist/tex/latex/natbib/natbib.sty
Package: natbib 2010/09/13 8.31b (PWD, AO)


Package natbib Warning: The `cite' package should not be used
(natbib)                with natbib. Use option `sort' instead.

\bibhang=\skip88
\bibsep=\skip89
LaTeX Info: Redefining \cite on input line 694.
LaTeX Info: Redefining \citenum on input line 708.
\c@NAT@ctr=\count295
) (/usr/local/texlive/2021/texmf-dist/tex/latex/psnfss/pifont.sty
Package: pifont 2020/03/25 PSNFSS-v9.3 Pi font support (SPQR) 
LaTeX Font Info:    Trying to load font information for U+pzd on input line 63.


(/usr/local/texlive/2021/texmf-dist/tex/latex/psnfss/upzd.fd
File: upzd.fd 2001/06/04 font definitions for U/pzd.
)
LaTeX Font Info:    Trying to load font information for U+psy on input line 64.


(/usr/local/texlive/2021/texmf-dist/tex/latex/psnfss/upsy.fd
File: upsy.fd 2001/06/04 font definitions for U/psy.
))
(/usr/local/texlive/2021/texmf-dist/tex/latex/tools/tabularx.sty
Package: tabularx 2020/01/15 v2.11c `tabularx' package (DPC)
\TX@col@width=\dimen266
\TX@old@table=\dimen267
\TX@old@col=\dimen268
\TX@target=\dimen269
\TX@delta=\dimen270
\TX@cols=\count296
\TX@ftn=\toks23
)
(/usr/local/texlive/2021/texmf-dist/tex/latex/siunitx/siunitx.sty
(/usr/local/texlive/2021/texmf-dist/tex/latex/l3kernel/expl3.sty
Package: expl3 2021-02-18 L3 programming layer (loader) 

(/usr/local/texlive/2021/texmf-dist/tex/latex/l3backend/l3backend-pdftex.def
File: l3backend-pdftex.def 2021-03-18 L3 backend support: PDF output (pdfTeX)
\l__color_backend_stack_int=\count297
\l__pdf_internal_box=\box62
))
(/usr/local/texlive/2021/texmf-dist/tex/latex/l3packages/xparse/xparse.sty
(/usr/local/texlive/2021/texmf-dist/tex/latex/l3packages/xparse/xparse-2020-10-
01.sty
(/usr/local/texlive/2021/texmf-dist/tex/latex/l3packages/xparse/xparse-generic.
tex)))
Package: siunitx 2020/02/25 v2.8b A comprehensive (SI) units package

(/usr/local/texlive/2021/texmf-dist/tex/latex/l3packages/l3keys2e/l3keys2e.sty
Package: l3keys2e 2021-03-12 LaTeX2e option processing using LaTeX3 keys
)
\l__siunitx_tmp_box=\box63
\l__siunitx_tmp_dim=\dimen271
\l__siunitx_tmp_int=\count298
\l__siunitx_number_mantissa_length_int=\count299
\l__siunitx_number_uncert_length_int=\count300
\l__siunitx_round_int=\count301
\l__siunitx_process_decimal_int=\count302
\l__siunitx_process_uncertainty_int=\count303
\l__siunitx_process_fixed_int=\count304
\l__siunitx_process_integer_min_int=\count305
\l__siunitx_process_precision_int=\count306
\l__siunitx_group_min_int=\count307
\l__siunitx_angle_marker_box=\box64
\l__siunitx_angle_unit_box=\box65
\l__siunitx_angle_marker_dim=\dimen272
\l__siunitx_angle_unit_dim=\dimen273
\l__siunitx_unit_int=\count308
\l__siunitx_unit_denominator_int=\count309
\l__siunitx_unit_numerator_int=\count310
\l__siunitx_unit_prefix_int=\count311
\l__siunitx_unit_prefix_base_int=\count312
\l__siunitx_unit_prefix_gram_int=\count313
\l__siunitx_number_product_int=\count314
\c__siunitx_one_fill_skip=\skip90
\l__siunitx_table_unit_align_skip=\skip91
\l__siunitx_table_exponent_dim=\dimen274
\l__siunitx_table_integer_dim=\dimen275
\l__siunitx_table_mantissa_dim=\dimen276
\l__siunitx_table_marker_dim=\dimen277
\l__siunitx_table_result_dim=\dimen278
\l__siunitx_table_uncert_dim=\dimen279
\l__siunitx_table_fill_pre_dim=\dimen280
\l__siunitx_table_fill_post_dim=\dimen281
\l__siunitx_table_fill_mid_dim=\dimen282
\l__siunitx_table_pre_box=\box66
\l__siunitx_table_post_box=\box67
\l__siunitx_table_mantissa_box=\box68
\l__siunitx_table_result_box=\box69
\l__siunitx_table_number_align_skip=\skip92
\l__siunitx_table_text_align_skip=\skip93
(/usr/local/texlive/2021/texmf-dist/tex/latex/translator/translator.sty
Package: translator 2020-08-03 v1.12c Easy translation of strings in LaTeX
))
(/usr/local/texlive/2021/texmf-dist/tex/latex/makecell/makecell.sty
Package: makecell 2009/08/03 V0.1e Managing of Tab Column Heads and Cells
\rotheadsize=\dimen283
\c@nlinenum=\count315
\TeXr@lab=\toks24
)
(./main.aux)
\openout1 = `main.aux'.

LaTeX Font Info:    Checking defaults for OML/cmm/m/it on input line 29.
LaTeX Font Info:    ... okay on input line 29.
LaTeX Font Info:    Checking defaults for OMS/cmsy/m/n on input line 29.
LaTeX Font Info:    ... okay on input line 29.
LaTeX Font Info:    Checking defaults for OT1/cmr/m/n on input line 29.
LaTeX Font Info:    ... okay on input line 29.
LaTeX Font Info:    Checking defaults for T1/cmr/m/n on input line 29.
LaTeX Font Info:    ... okay on input line 29.
LaTeX Font Info:    Checking defaults for TS1/cmr/m/n on input line 29.
LaTeX Font Info:    ... okay on input line 29.
LaTeX Font Info:    Checking defaults for OMX/cmex/m/n on input line 29.
LaTeX Font Info:    ... okay on input line 29.
LaTeX Font Info:    Checking defaults for U/cmr/m/n on input line 29.
LaTeX Font Info:    ... okay on input line 29.

-- Lines per column: 58 (exact).
(/usr/local/texlive/2021/texmf-dist/tex/context/base/mkii/supp-pdf.mkii
[Loading MPS to PDF converter (version 2006.09.02).]
\scratchcounter=\count316
\scratchdimen=\dimen284
\scratchbox=\box70
\nofMPsegments=\count317
\nofMParguments=\count318
\everyMPshowfont=\toks25
\MPscratchCnt=\count319
\MPscratchDim=\dimen285
\MPnumerator=\count320
\makeMPintoPDFobject=\count321
\everyMPtoPDFconversion=\toks26
)
(/usr/local/texlive/2021/texmf-dist/tex/latex/siunitx/siunitx-abbreviations.cfg
File: siunitx-abbreviations.cfg 2017/11/26 v2.7k siunitx: Abbreviated units
)
(/usr/local/texlive/2021/texmf-dist/tex/latex/translator/translator-basic-dicti
onary-English.dict
Dictionary: translator-basic-dictionary, Language: English 
)
LaTeX Font Info:    Calculating math sizes for size <10.03749> on input line 29
.
LaTeX Font Info:    Trying to load font information for U+msa on input line 29.


(/usr/local/texlive/2021/texmf-dist/tex/latex/amsfonts/umsa.fd
File: umsa.fd 2013/01/14 v3.01 AMS symbols A
)
LaTeX Font Info:    Trying to load font information for U+msb on input line 29.


(/usr/local/texlive/2021/texmf-dist/tex/latex/amsfonts/umsb.fd
File: umsb.fd 2013/01/14 v3.01 AMS symbols B
)
LaTeX Font Info:    Trying to load font information for OT1+phv on input line 3
9.

(/usr/local/texlive/2021/texmf-dist/tex/latex/psnfss/ot1phv.fd
File: ot1phv.fd 2020/03/25 scalable font definitions for OT1/phv.
)
LaTeX Font Info:    Trying to load font information for OT1+pcr on input line 3
9.

(/usr/local/texlive/2021/texmf-dist/tex/latex/psnfss/ot1pcr.fd
File: ot1pcr.fd 2001/06/04 font definitions for OT1/pcr.
)
(./sections/abstract.tex
LaTeX Font Info:    Calculating math sizes for size <9.03374> on input line 15.

) (./sections/introduction.tex

pdfTeX warning: /Library/TeX/texbin/pdflatex (file ./figures/intro.pdf): PDF in
clusion: found PDF version <1.7>, but at most version <1.5> allowed
<figures/intro.pdf, id=1, 654.53133pt x 379.84409pt>
File: figures/intro.pdf Graphic file (type pdf)
<use figures/intro.pdf>
Package pdftex.def Info: figures/intro.pdf  used on input line 13.
(pdftex.def)             Requested size: 242.82503pt x 140.91684pt.

Underfull \hbox (badness 10000) in paragraph at lines 24--28
[]\OT1/ptm/m/n/10.03749 However, the de-sign and im-ple-men-ta-tion of
 []


Underfull \hbox (badness 7047) in paragraph at lines 24--28
\OT1/ptm/m/n/10.03749 against the black-box set-tings on com-mer-cial face
 []


Underfull \hbox (badness 2707) in paragraph at lines 24--28
\OT1/ptm/m/n/10.03749 au-then-ti-ca-tion sys-tems: (1) how to ob-tain the depth

 []

[1{/usr/local/texlive/2021/texmf-var/fonts/map/pdftex/updmap/pdftex.map}


 <./figures/intro.pdf>]) (./sections/background.tex

pdfTeX warning: /Library/TeX/texbin/pdflatex (file ./figures/face_auth_workflow
.pdf): PDF inclusion: found PDF version <1.7>, but at most version <1.5> allowe
d
<figures/face_auth_workflow.pdf, id=141, 679.39423pt x 271.6338pt>
File: figures/face_auth_workflow.pdf Graphic file (type pdf)
<use figures/face_auth_workflow.pdf>
Package pdftex.def Info: figures/face_auth_workflow.pdf  used on input line 25.

(pdftex.def)             Requested size: 252.94499pt x 101.12878pt.
[2 <./figures/face_auth_workflow.pdf>]

pdfTeX warning: /Library/TeX/texbin/pdflatex (file ./figures/structured_light_c
amera.pdf): PDF inclusion: found PDF version <1.7>, but at most version <1.5> a
llowed
<figures/structured_light_camera.pdf, id=189, 685.83228pt x 379.8451pt>
File: figures/structured_light_camera.pdf Graphic file (type pdf)
<use figures/structured_light_camera.pdf>
Package pdftex.def Info: figures/structured_light_camera.pdf  used on input lin
e 47.
(pdftex.def)             Requested size: 242.82503pt x 134.48369pt.


pdfTeX warning: /Library/TeX/texbin/pdflatex (file ./figures/imaging_mechanism.
pdf): PDF inclusion: found PDF version <1.7>, but at most version <1.5> allowed

<figures/imaging_mechanism.pdf, id=190, 554.94626pt x 277.41441pt>
File: figures/imaging_mechanism.pdf Graphic file (type pdf)
<use figures/imaging_mechanism.pdf>
Package pdftex.def Info: figures/imaging_mechanism.pdf  used on input line 94.
(pdftex.def)             Requested size: 242.82503pt x 121.38544pt.
) (./sections/threatmodel.tex

pdfTeX warning: /Library/TeX/texbin/pdflatex (file ./figures/overview.pdf): PDF
 inclusion: found PDF version <1.7>, but at most version <1.5> allowed
<figures/overview.pdf, id=191, 1394.30591pt x 288.79494pt>
File: figures/overview.pdf Graphic file (type pdf)
<use figures/overview.pdf>
Package pdftex.def Info: figures/overview.pdf  used on input line 6.
(pdftex.def)             Requested size: 505.89pt x 104.78131pt.
[3 <./figures/structured_light_camera.pdf> <./figures/imaging_mechanism.pdf

pdfTeX warning: /Library/TeX/texbin/pdflatex (file ./figures/imaging_mechanism.
pdf): PDF inclusion: multiple pdfs with page group included in a single page
>]) (./sections/attackdesign.tex
<figures/estimation/frontface.png, id=238, 686.0832pt x 340.6326pt>
File: figures/estimation/frontface.png Graphic file (type png)
<use figures/estimation/frontface.png>
Package pdftex.def Info: figures/estimation/frontface.png  used on input line 2
9.
(pdftex.def)             Requested size: 111.29642pt x 55.25598pt.
<figures/estimation/sideface.png, id=240, 684.6378pt x 340.6326pt>
File: figures/estimation/sideface.png Graphic file (type png)
<use figures/estimation/sideface.png>
Package pdftex.def Info: figures/estimation/sideface.png  used on input line 32
.
(pdftex.def)             Requested size: 111.29642pt x 55.37033pt.
 [4 <./figures/overview.pdf> <./figures/estimation/frontface.png> <./figures/es
timation/sideface.png>]

pdfTeX warning: /Library/TeX/texbin/pdflatex (file ./figures/model_architecture
_1.pdf): PDF inclusion: found PDF version <1.7>, but at most version <1.5> allo
wed
<figures/model_architecture_1.pdf, id=305, 689.31024pt x 395.56444pt>
File: figures/model_architecture_1.pdf Graphic file (type pdf)
<use figures/model_architecture_1.pdf>
Package pdftex.def Info: figures/model_architecture_1.pdf  used on input line 6
0.
(pdftex.def)             Requested size: 237.7689pt x 136.44572pt.
<figures/estimation/pred_results_groundtruth.jpg, id=306, 393.6306pt x 242.3454
pt>
File: figures/estimation/pred_results_groundtruth.jpg Graphic file (type jpg)
<use figures/estimation/pred_results_groundtruth.jpg>
Package pdftex.def Info: figures/estimation/pred_results_groundtruth.jpg  used 
on input line 90.
(pdftex.def)             Requested size: 111.29642pt x 68.52187pt.
<figures/estimation/pred_results_pred.jpg, id=307, 391.7034pt x 233.1912pt>
File: figures/estimation/pred_results_pred.jpg Graphic file (type jpg)
<use figures/estimation/pred_results_pred.jpg>
Package pdftex.def Info: figures/estimation/pred_results_pred.jpg  used on inpu
t line 93.
(pdftex.def)             Requested size: 111.29642pt x 66.25735pt.
[5 <./figures/model_architecture_1.pdf> <./figures/estimation/pred_results_grou
ndtruth.jpg> <./figures/estimation/pred_results_pred.jpg>]

pdfTeX warning: /Library/TeX/texbin/pdflatex (file ./figures/template_extractio
n.pdf): PDF inclusion: found PDF version <1.7>, but at most version <1.5> allow
ed
<figures/template_extraction.pdf, id=331, 574.8627pt x 277.41441pt>
File: figures/template_extraction.pdf Graphic file (type pdf)
<use figures/template_extraction.pdf>
Package pdftex.def Info: figures/template_extraction.pdf  used on input line 12
5.
(pdftex.def)             Requested size: 242.82503pt x 117.17783pt.


pdfTeX warning: /Library/TeX/texbin/pdflatex (file ./figures/depth_forgery.pdf)
: PDF inclusion: found PDF version <1.7>, but at most version <1.5> allowed
<figures/depth_forgery.pdf, id=332, 554.94626pt x 277.41441pt>
File: figures/depth_forgery.pdf Graphic file (type pdf)
<use figures/depth_forgery.pdf>
Package pdftex.def Info: figures/depth_forgery.pdf  used on input line 178.
(pdftex.def)             Requested size: 242.82503pt x 121.38544pt.
LaTeX Font Info:    Calculating math sizes for size <8.03> on input line 180.
[6 <./figures/template_extraction.pdf> <./figures/depth_forgery.pdf

pdfTeX warning: /Library/TeX/texbin/pdflatex (file ./figures/depth_forgery.pdf)
: PDF inclusion: multiple pdfs with page group included in a single page
>]

pdfTeX warning: /Library/TeX/texbin/pdflatex (file ./figures/depth_mapping_1.pd
f): PDF inclusion: found PDF version <1.7>, but at most version <1.5> allowed
<figures/depth_mapping_1.pdf, id=375, 775.81145pt x 253.19794pt>
File: figures/depth_mapping_1.pdf Graphic file (type pdf)
<use figures/depth_mapping_1.pdf>
Package pdftex.def Info: figures/depth_mapping_1.pdf  used on input line 261.
(pdftex.def)             Requested size: 242.82503pt x 79.24779pt.


pdfTeX warning: /Library/TeX/texbin/pdflatex (file ./figures/adv_mapping.pdf): 
PDF inclusion: found PDF version <1.7>, but at most version <1.5> allowed
<figures/adv_mapping.pdf, id=376, 721.37909pt x 428.03836pt>
File: figures/adv_mapping.pdf Graphic file (type pdf)
<use figures/adv_mapping.pdf>
Package pdftex.def Info: figures/adv_mapping.pdf  used on input line 275.
(pdftex.def)             Requested size: 227.64894pt x 135.07445pt.
[7 <./figures/depth_mapping_1.pdf> <./figures/adv_mapping.pdf

pdfTeX warning: /Library/TeX/texbin/pdflatex (file ./figures/adv_mapping.pdf): 
PDF inclusion: multiple pdfs with page group included in a single page
>]
Overfull \hbox (15.05623pt too wide) detected at line 342
[][] 
 []

) (./sections/evaluation.tex
<figures/setup.png, id=414, 817.1328pt x 499.6266pt>
File: figures/setup.png Graphic file (type png)
<use figures/setup.png>
Package pdftex.def Info: figures/setup.png  used on input line 11.
(pdftex.def)             Requested size: 242.82503pt x 148.47113pt.

Overfull \hbox (4.08226pt too wide) in paragraph at lines 26--42
 [] 
 []


Underfull \hbox (badness 7907) in paragraph at lines 88--90
[]\OT1/ptm/b/n/10.03749 Attack De-vices. \OT1/ptm/m/n/10.03749 We use an in-fra
red pro-jec-tor
 []

[8 <./figures/setup.png>]
<figures/light_condition.pdf, id=420, 743.19833pt x 366.51186pt>
File: figures/light_condition.pdf Graphic file (type pdf)
<use figures/light_condition.pdf>
Package pdftex.def Info: figures/light_condition.pdf  used on input line 120.
(pdftex.def)             Requested size: 242.82503pt x 119.74689pt.

Underfull \hbox (badness 2635) in paragraph at lines 128--132
[]\OT1/ptm/m/n/10.03749 We first eval-u-ate the over-all per-for-mance of the
 []

<figures/camera_resolution.pdf, id=421, 743.47763pt x 344.12439pt>
File: figures/camera_resolution.pdf Graphic file (type pdf)
<use figures/camera_resolution.pdf>
Package pdftex.def Info: figures/camera_resolution.pdf  used on input line 150.

(pdftex.def)             Requested size: 242.82503pt x 112.39044pt.
<figures/photo_quality.pdf, id=422, 951.55188pt x 213.082pt>
File: figures/photo_quality.pdf Graphic file (type pdf)
<use figures/photo_quality.pdf>
Package pdftex.def Info: figures/photo_quality.pdf  used on input line 159.
(pdftex.def)             Requested size: 505.89pt x 113.28406pt.
[9 <./figures/light_condition.pdf> <./figures/camera_resolution.pdf

pdfTeX warning: /Library/TeX/texbin/pdflatex (file ./figures/camera_resolution.
pdf): PDF inclusion: multiple pdfs with page group included in a single page
>] [10 <./figures/photo_quality.pdf>]
<figures/related_position.pdf, id=573, 503.47784pt x 415.9747pt>
File: figures/related_position.pdf Graphic file (type pdf)
<use figures/related_position.pdf>
Package pdftex.def Info: figures/related_position.pdf  used on input line 275.
(pdftex.def)             Requested size: 242.82503pt x 200.62402pt.
) (./sections/casestudy.tex
Underfull \hbox (badness 3189) in paragraph at lines 5--6
[]\OT1/ptm/m/n/10.03749 In this sec-tion, we eval-u-ate the ef-fec-tive-ness of

 []

<figures/commercial_setup.png, id=574, 817.1328pt x 459.6372pt>
File: figures/commercial_setup.png Graphic file (type png)
<use figures/commercial_setup.png>
Package pdftex.def Info: figures/commercial_setup.png  used on input line 8.
(pdftex.def)             Requested size: 242.82503pt x 136.5877pt.
<figures/commercial_compare.png, id=575, 916.3836pt x 342.5598pt>
File: figures/commercial_compare.png Graphic file (type png)
<use figures/commercial_compare.png>
Package pdftex.def Info: figures/commercial_compare.png  used on input line 15.

(pdftex.def)             Requested size: 242.82503pt x 90.77267pt.

Underfull \vbox (badness 3260) has occurred while \output is active []

 [11 <./figures/related_position.pdf>]
Underfull \hbox (badness 1616) in paragraph at lines 68--69
[]\OT1/ptm/m/n/10.03749 To quan-ti-ta-tively il-lus-trate the ef-fec-tive-ness 
of the
 []

) (./sections/discussion.tex [12 <./figures/commercial_setup.png> <./figures/co
mmercial_compare.png>]) (./sections/relatedwork.tex) (./sections/conclusion.tex
) (./main.bbl [13]
Underfull \hbox (badness 2096) in paragraph at lines 29--33
\OT1/ptm/m/n/10.03749 [EB/OL].  $https : / / intl . cloud . baidu . com / produ
ct / face .
 []


Underfull \hbox (badness 10000) in paragraph at lines 35--40
[]\OT1/ptm/m/n/10.03749 Baidu.  Cus-tomer cases of baidu face
 []


Underfull \hbox (badness 10000) in paragraph at lines 35--40
\OT1/ptm/m/n/10.03749 au-then-ti-ca-tion ap-pli-ca-tion kit.  [EB/OL].
 []


Underfull \hbox (badness 10000) in paragraph at lines 35--40
\OT1/ptm/m/n/10.03749 https : / / ai . baidu . com / customer ? industry = 0 &
 []


Underfull \hbox (badness 10000) in paragraph at lines 42--46
[]\OT1/ptm/m/n/10.03749 Sushil Bhat-tachar-jee, Amir Mo-ham-madi, and
 []


Underfull \hbox (badness 7415) in paragraph at lines 42--46
\OT1/ptm/m/it/10.03749 In-ter-na-tional Con-fer-ence on Bio-met-rics The-ory,
 []


Underfull \hbox (badness 5878) in paragraph at lines 162--166
[]\OT1/ptm/m/n/10.03749 Ying Guo, Xingx-ing Wei, Guo-qiu Wang, and
 []


Underfull \hbox (badness 2253) in paragraph at lines 162--166
\OT1/ptm/m/n/10.03749 Bo Zhang.  Mean-ing-ful ad-ver-sar-ial stick-ers for
 []

[14]
Underfull \hbox (badness 4096) in paragraph at lines 202--206
[]\OT1/ptm/m/n/10.03749 Jukka Ko-mu-lainen, Ab-de-nour Ha-did, and Matti
 []


Underfull \hbox (badness 5924) in paragraph at lines 268--272
[]\OT1/ptm/m/n/10.03749 Ramachandra Raghaven-dra, Ki-ran B Raja, and
 []


Underfull \hbox (badness 3271) in paragraph at lines 327--331
[]\OT1/ptm/m/n/10.03749 Tencent.  Ten-cent cloud face recog-ni-tion plat-
 []


Underfull \hbox (badness 3849) in paragraph at lines 327--331
\OT1/ptm/m/n/10.03749 form.  [EB/OL].  $https : / / intl . cloud . tencent . co
m /
 []


Underfull \hbox (badness 10000) in paragraph at lines 341--346
[]\OT1/ptm/m/n/10.03749 Muhammad Waseem, Sun-dar Ali Khowaja,
 []


Underfull \hbox (badness 6510) in paragraph at lines 341--346
\OT1/ptm/m/n/10.03749 Ramesh Ku-mar Ayyasamy, and Farhan Bashir.
 []

[15])

** Conference Paper **
Before submitting the final camera ready copy, remember to:

 1. Manually equalize the lengths of two columns on the last page
 of your paper;

 2. Ensure that any PostScript and/or PDF output post-processing
 uses only Type 1 fonts and that every step in the generation
 process uses the appropriate paper size.

[16

] (./main.aux) ) 
Here is how much of TeX's memory you used:
 9991 strings out of 478994
 187303 string characters out of 5858184
 492221 words of memory out of 5000000
 27223 multiletter control sequences out of 15000+600000
 458813 words of font info for 150 fonts, out of 8000000 for 9000
 1141 hyphenation exceptions out of 8191
 71i,15n,75p,1041b,629s stack positions out of 5000i,500n,10000p,200000b,80000s
{/usr/local/texlive/2021/texmf-dist/fonts/enc/dvips/base/8r.enc
}</usr/local/texlive/2021/texmf-dist/fonts/type1/public/amsfonts/cm/cmex10.pfb>
</usr/local/texlive/2021/texmf-dist/fonts/type1/public/amsfonts/cmextra/cmex8.p
fb></usr/local/texlive/2021/texmf-dist/fonts/type1/public/amsfonts/cm/cmmi10.pf
b></usr/local/texlive/2021/texmf-dist/fonts/type1/public/amsfonts/cm/cmmi6.pfb>
</usr/local/texlive/2021/texmf-dist/fonts/type1/public/amsfonts/cm/cmmi7.pfb></
usr/local/texlive/2021/texmf-dist/fonts/type1/public/amsfonts/cm/cmmi8.pfb></us
r/local/texlive/2021/texmf-dist/fonts/type1/public/amsfonts/cm/cmmi9.pfb></usr/
local/texlive/2021/texmf-dist/fonts/type1/public/amsfonts/cm/cmr10.pfb></usr/lo
cal/texlive/2021/texmf-dist/fonts/type1/public/amsfonts/cm/cmr7.pfb></usr/local
/texlive/2021/texmf-dist/fonts/type1/public/amsfonts/cm/cmr8.pfb></usr/local/te
xlive/2021/texmf-dist/fonts/type1/public/amsfonts/cm/cmr9.pfb></usr/local/texli
ve/2021/texmf-dist/fonts/type1/public/amsfonts/cm/cmsy10.pfb></usr/local/texliv
e/2021/texmf-dist/fonts/type1/public/amsfonts/cm/cmsy5.pfb></usr/local/texlive/
2021/texmf-dist/fonts/type1/public/amsfonts/cm/cmsy7.pfb></usr/local/texlive/20
21/texmf-dist/fonts/type1/public/amsfonts/cm/cmsy9.pfb></usr/local/texlive/2021
/texmf-dist/fonts/type1/urw/courier/ucrb8a.pfb></usr/local/texlive/2021/texmf-d
ist/fonts/type1/urw/courier/ucrr8a.pfb></usr/local/texlive/2021/texmf-dist/font
s/type1/urw/times/utmb8a.pfb></usr/local/texlive/2021/texmf-dist/fonts/type1/ur
w/times/utmbi8a.pfb></usr/local/texlive/2021/texmf-dist/fonts/type1/urw/times/u
tmr8a.pfb></usr/local/texlive/2021/texmf-dist/fonts/type1/urw/times/utmri8a.pfb
>
Output written on main.pdf (16 pages, 10973359 bytes).
PDF statistics:
 713 PDF objects out of 1000 (max. 8388607)
 329 compressed objects within 4 object streams
 0 named destinations out of 1000 (max. 500000)
 106 words of extra memory for PDF output out of 10000 (max. 10000000)

